{
  "stats": {
    "suites": 1,
    "tests": 1,
    "passes": 0,
    "pending": 0,
    "failures": 1,
    "start": "2022-08-22T08:28:06.376Z",
    "end": "2022-08-22T08:28:06.734Z",
    "duration": 358,
    "testsRegistered": 1,
    "passPercent": 0,
    "pendingPercent": 0,
    "other": 0,
    "hasOther": false,
    "skipped": 0,
    "hasSkipped": false
  },
  "results": [
    {
      "uuid": "05dac08b-8c60-456c-8eac-b9fe7b6cf570",
      "title": "",
      "fullFile": "cypress/e2e/loginInvalid.cy.js",
      "file": "cypress/e2e/loginInvalid.cy.js",
      "beforeHooks": [],
      "afterHooks": [],
      "tests": [],
      "suites": [
        {
          "uuid": "71141146-f823-41e9-afc0-fb0ce8af1d73",
          "title": "Testing the invalid login",
          "fullFile": "",
          "file": "",
          "beforeHooks": [],
          "afterHooks": [],
          "tests": [
            {
              "title": "use web security false here",
              "fullTitle": "Testing the invalid login use web security false here",
              "timedOut": null,
              "duration": 334,
              "state": "failed",
              "speed": null,
              "pass": false,
              "fail": true,
              "pending": false,
              "context": null,
              "code": "cy.visit('https://www.njuskalo.hr/oglasi/');\ncy.xpath(\"//a[normalize-space()='Prijava']\").click({\n  force: true\n});\ncy.xpath(\"//input[@id='login_username']\").type('kokoko', {\n  force: true\n});\ncy.xpath(\"//button[@id='login_login']\").click({\n  force: true\n});",
              "err": {
                "message": "CypressError: `cy.visit()` failed trying to load:\n\nhttps://www.njuskalo.hr/oglasi/\n\nThe response we received from your web server was:\n\n  > 404: Not Found\n\nThis was considered a failure because the status code was not `2xx`.\n\nIf you do not want status codes to cause failures pass the option: `failOnStatusCode: false`",
                "estack": "CypressError: `cy.visit()` failed trying to load:\n\nhttps://www.njuskalo.hr/oglasi/\n\nThe response we received from your web server was:\n\n  > 404: Not Found\n\nThis was considered a failure because the status code was not `2xx`.\n\nIf you do not want status codes to cause failures pass the option: `failOnStatusCode: false`\n    at http://localhost:59644/__cypress/runner/cypress_runner.js:152342:84\n    at visitFailedByErr (http://localhost:59644/__cypress/runner/cypress_runner.js:151661:12)\n    at http://localhost:59644/__cypress/runner/cypress_runner.js:152322:13\n    at tryCatcher (http://localhost:59644/__cypress/runner/cypress_runner.js:11318:23)\n    at Promise._settlePromiseFromHandler (http://localhost:59644/__cypress/runner/cypress_runner.js:9253:31)\n    at Promise._settlePromise (http://localhost:59644/__cypress/runner/cypress_runner.js:9310:18)\n    at Promise._settlePromise0 (http://localhost:59644/__cypress/runner/cypress_runner.js:9355:10)\n    at Promise._settlePromises (http://localhost:59644/__cypress/runner/cypress_runner.js:9431:18)\n    at _drainQueueStep (http://localhost:59644/__cypress/runner/cypress_runner.js:6025:12)\n    at _drainQueue (http://localhost:59644/__cypress/runner/cypress_runner.js:6018:9)\n    at ../../node_modules/bluebird/js/release/async.js.Async._drainQueues (http://localhost:59644/__cypress/runner/cypress_runner.js:6034:5)\n    at Async.drainQueues (http://localhost:59644/__cypress/runner/cypress_runner.js:5904:14)\nFrom Your Spec Code:\n    at Context.eval (http://localhost:59644/__cypress/tests?p=../Automation%26Report/cypress/e2e/loginInvalid.cy.js:102:8)",
                "diff": null
              },
              "uuid": "11178bfd-f80b-44d8-855b-e305736c35b7",
              "parentUUID": "71141146-f823-41e9-afc0-fb0ce8af1d73",
              "isHook": false,
              "skipped": false
            }
          ],
          "suites": [],
          "passes": [],
          "failures": [
            "11178bfd-f80b-44d8-855b-e305736c35b7"
          ],
          "pending": [],
          "skipped": [],
          "duration": 334,
          "root": false,
          "rootEmpty": false,
          "_timeout": 2000
        }
      ],
      "passes": [],
      "failures": [],
      "pending": [],
      "skipped": [],
      "duration": 0,
      "root": true,
      "rootEmpty": true,
      "_timeout": 2000
    }
  ],
  "meta": {
    "mocha": {
      "version": "7.0.1"
    },
    "mochawesome": {
      "options": {
        "quiet": false,
        "reportFilename": "mochawesome",
        "saveHtml": true,
        "saveJson": true,
        "consoleReporter": "spec",
        "useInlineDiffs": false,
        "code": true
      },
      "version": "7.1.3"
    },
    "marge": {
      "options": {
        "reportDir": "cypress/results",
        "overwrite": false,
        "html": true,
        "json": true
      },
      "version": "6.2.0"
    }
  }
}