{
  "stats": {
    "suites": 1,
    "tests": 1,
    "passes": 1,
    "pending": 0,
    "failures": 0,
    "start": "2022-08-22T08:28:00.503Z",
    "end": "2022-08-22T08:28:04.189Z",
    "duration": 3686,
    "testsRegistered": 1,
    "passPercent": 100,
    "pendingPercent": 0,
    "other": 0,
    "hasOther": false,
    "skipped": 0,
    "hasSkipped": false
  },
  "results": [
    {
      "uuid": "e85a0b28-058e-46ce-a253-d1128f9a1d8f",
      "title": "",
      "fullFile": "cypress/e2e/logIN.cy.js",
      "file": "cypress/e2e/logIN.cy.js",
      "beforeHooks": [],
      "afterHooks": [],
      "tests": [],
      "suites": [
        {
          "uuid": "0e8fcb47-e95b-49d8-8922-7d479647fd74",
          "title": "test the config json",
          "fullFile": "",
          "file": "",
          "beforeHooks": [],
          "afterHooks": [],
          "tests": [
            {
              "title": "use web security false here",
              "fullTitle": "test the config json use web security false here",
              "timedOut": null,
              "duration": 2830,
              "state": "passed",
              "speed": "fast",
              "pass": true,
              "fail": false,
              "pending": false,
              "context": null,
              "code": "cy.visit('https://www.njuskalo.hr/');\ncy.xpath(\"//a[normalize-space()='Prijava']\").click({\n  force: true\n});\ncy.xpath(\"//input[@id='login_username']\").type('ajdi15', {\n  force: true\n});\ncy.xpath(\"//input[@id='login_password']\").type('tester123458955435353', {\n  force: true\n});\ncy.xpath(\"//button[@id='login_login']\").click({\n  force: true\n});",
              "err": {},
              "uuid": "c9cc9d02-b91b-4c6c-a0c3-ba8bffcb5614",
              "parentUUID": "0e8fcb47-e95b-49d8-8922-7d479647fd74",
              "isHook": false,
              "skipped": false
            }
          ],
          "suites": [],
          "passes": [
            "c9cc9d02-b91b-4c6c-a0c3-ba8bffcb5614"
          ],
          "failures": [],
          "pending": [],
          "skipped": [],
          "duration": 2830,
          "root": false,
          "rootEmpty": false,
          "_timeout": 2000
        }
      ],
      "passes": [],
      "failures": [],
      "pending": [],
      "skipped": [],
      "duration": 0,
      "root": true,
      "rootEmpty": true,
      "_timeout": 2000
    }
  ],
  "meta": {
    "mocha": {
      "version": "7.0.1"
    },
    "mochawesome": {
      "options": {
        "quiet": false,
        "reportFilename": "mochawesome",
        "saveHtml": true,
        "saveJson": true,
        "consoleReporter": "spec",
        "useInlineDiffs": false,
        "code": true
      },
      "version": "7.1.3"
    },
    "marge": {
      "options": {
        "reportDir": "cypress/results",
        "overwrite": false,
        "html": true,
        "json": true
      },
      "version": "6.2.0"
    }
  }
}