{
  "stats": {
    "suites": 1,
    "tests": 2,
    "passes": 2,
    "pending": 0,
    "failures": 0,
    "start": "2022-08-22T08:28:24.733Z",
    "end": "2022-08-22T08:28:33.003Z",
    "duration": 8270,
    "testsRegistered": 2,
    "passPercent": 100,
    "pendingPercent": 0,
    "other": 0,
    "hasOther": false,
    "skipped": 0,
    "hasSkipped": false
  },
  "results": [
    {
      "uuid": "479bcd2b-e0b5-4449-842c-4b03c0d0057f",
      "title": "",
      "fullFile": "cypress/e2e/searchTesy.cy.js",
      "file": "cypress/e2e/searchTesy.cy.js",
      "beforeHooks": [],
      "afterHooks": [],
      "tests": [],
      "suites": [
        {
          "uuid": "8c09cf09-f006-40fe-b7d4-c46762e4360e",
          "title": "Visit the URL & Login",
          "fullFile": "",
          "file": "",
          "beforeHooks": [],
          "afterHooks": [],
          "tests": [
            {
              "title": "Logins to the account",
              "fullTitle": "Visit the URL & Login Logins to the account",
              "timedOut": null,
              "duration": 4870,
              "state": "passed",
              "speed": "fast",
              "pass": true,
              "fail": false,
              "pending": false,
              "context": null,
              "code": "cy.visit('https://www.njuskalo.hr/');\ncy.xpath(\"//a[normalize-space()='Prijava']\").click({\n  force: true\n});\ncy.xpath(\"//input[@id='login_username']\").type('ajdi15', {\n  force: true\n});\ncy.xpath(\"//input[@id='login_password']\").type('tester12345', {\n  force: true\n});\ncy.xpath(\"//button[@id='login_login']\").click({\n  force: true\n});",
              "err": {},
              "uuid": "f5acf95d-89aa-476e-8132-fd9c63d39f4c",
              "parentUUID": "8c09cf09-f006-40fe-b7d4-c46762e4360e",
              "isHook": false,
              "skipped": false
            },
            {
              "title": "Searches for the product, suggested ones",
              "fullTitle": "Visit the URL & Login Searches for the product, suggested ones",
              "timedOut": null,
              "duration": 2501,
              "state": "passed",
              "speed": "fast",
              "pass": true,
              "fail": false,
              "pending": false,
              "context": null,
              "code": "cy.xpath(\"//a[@href='/auto-moto']\").click({\n  force: true\n});\ncy.xpath(\"//a[@href='/gospodarska-vozila']\").click({\n  force: true\n});\ncy.xpath(\"//a[normalize-space()='Autobusi']\").click({\n  force: true\n});",
              "err": {},
              "uuid": "4276e07d-95be-4556-b64e-bf3ca7a88efb",
              "parentUUID": "8c09cf09-f006-40fe-b7d4-c46762e4360e",
              "isHook": false,
              "skipped": false
            }
          ],
          "suites": [],
          "passes": [
            "f5acf95d-89aa-476e-8132-fd9c63d39f4c",
            "4276e07d-95be-4556-b64e-bf3ca7a88efb"
          ],
          "failures": [],
          "pending": [],
          "skipped": [],
          "duration": 7371,
          "root": false,
          "rootEmpty": false,
          "_timeout": 2000
        }
      ],
      "passes": [],
      "failures": [],
      "pending": [],
      "skipped": [],
      "duration": 0,
      "root": true,
      "rootEmpty": true,
      "_timeout": 2000
    }
  ],
  "meta": {
    "mocha": {
      "version": "7.0.1"
    },
    "mochawesome": {
      "options": {
        "quiet": false,
        "reportFilename": "mochawesome",
        "saveHtml": true,
        "saveJson": true,
        "consoleReporter": "spec",
        "useInlineDiffs": false,
        "code": true
      },
      "version": "7.1.3"
    },
    "marge": {
      "options": {
        "reportDir": "cypress/results",
        "overwrite": false,
        "html": true,
        "json": true
      },
      "version": "6.2.0"
    }
  }
}