{
  "stats": {
    "suites": 1,
    "tests": 2,
    "passes": 2,
    "pending": 0,
    "failures": 0,
    "start": "2022-08-22T08:27:48.859Z",
    "end": "2022-08-22T08:27:58.154Z",
    "duration": 9295,
    "testsRegistered": 2,
    "passPercent": 100,
    "pendingPercent": 0,
    "other": 0,
    "hasOther": false,
    "skipped": 0,
    "hasSkipped": false
  },
  "results": [
    {
      "uuid": "19e99e06-93f2-41c6-88c5-fd1851b90ca4",
      "title": "",
      "fullFile": "cypress/e2e/desiredSearch.cy.js",
      "file": "cypress/e2e/desiredSearch.cy.js",
      "beforeHooks": [],
      "afterHooks": [],
      "tests": [],
      "suites": [
        {
          "uuid": "c6d05475-bbed-4eb0-808a-6fd472f31b26",
          "title": "Visit the URL & Login",
          "fullFile": "",
          "file": "",
          "beforeHooks": [],
          "afterHooks": [],
          "tests": [
            {
              "title": "Logins to the account",
              "fullTitle": "Visit the URL & Login Logins to the account",
              "timedOut": null,
              "duration": 3242,
              "state": "passed",
              "speed": "fast",
              "pass": true,
              "fail": false,
              "pending": false,
              "context": null,
              "code": "cy.visit('https://www.njuskalo.hr/');\ncy.xpath(\"//a[normalize-space()='Prijava']\").click({\n  force: true\n});\ncy.xpath(\"//input[@id='login_username']\").type('ajdi15', {\n  force: true\n});\ncy.xpath(\"//input[@id='login_password']\").type('tester12345', {\n  force: true\n});\ncy.xpath(\"//button[@id='login_login']\").click({\n  force: true\n});",
              "err": {},
              "uuid": "13d45c18-95fc-427a-93ff-1a78f3ef0ddf",
              "parentUUID": "c6d05475-bbed-4eb0-808a-6fd472f31b26",
              "isHook": false,
              "skipped": false
            },
            {
              "title": "Searches for the product, desired option",
              "fullTitle": "Visit the URL & Login Searches for the product, desired option",
              "timedOut": null,
              "duration": 4971,
              "state": "passed",
              "speed": "fast",
              "pass": true,
              "fail": false,
              "pending": false,
              "context": null,
              "code": "cy.xpath(\"//a[@href='/auto-moto']\").click({\n  force: true\n});\ncy.xpath(\"//a[@href='/gospodarska-vozila']\").click({\n  force: true\n});\ncy.xpath(\"//a[normalize-space()='Autobusi']\").click({\n  force: true\n});\ncy.xpath(\"//input[@id='modelName']\").type('Man', {\n  force: true\n});\ncy.xpath(\"//input[@id='GeoLocationSelector-autoComplete']\").type('Zagreb', {\n  force: true\n}).click({\n  force: true\n});\ncy.xpath(\"//select[@id='transmissionType']\").select('automatski', {\n  force: true\n});\ncy.xpath(\"//select[@id='motorTypeId']\").select('plin', {\n  force: true\n});\ncy.xpath(\"//button[@id='submitButton']\").click({\n  force: true\n});",
              "err": {},
              "uuid": "3c6c2bf2-7829-4ba9-bc9d-05ed348208fc",
              "parentUUID": "c6d05475-bbed-4eb0-808a-6fd472f31b26",
              "isHook": false,
              "skipped": false
            }
          ],
          "suites": [],
          "passes": [
            "13d45c18-95fc-427a-93ff-1a78f3ef0ddf",
            "3c6c2bf2-7829-4ba9-bc9d-05ed348208fc"
          ],
          "failures": [],
          "pending": [],
          "skipped": [],
          "duration": 8213,
          "root": false,
          "rootEmpty": false,
          "_timeout": 2000
        }
      ],
      "passes": [],
      "failures": [],
      "pending": [],
      "skipped": [],
      "duration": 0,
      "root": true,
      "rootEmpty": true,
      "_timeout": 2000
    }
  ],
  "meta": {
    "mocha": {
      "version": "7.0.1"
    },
    "mochawesome": {
      "options": {
        "quiet": false,
        "reportFilename": "mochawesome",
        "saveHtml": true,
        "saveJson": true,
        "consoleReporter": "spec",
        "useInlineDiffs": false,
        "code": true
      },
      "version": "7.1.3"
    },
    "marge": {
      "options": {
        "reportDir": "cypress/results",
        "overwrite": false,
        "html": true,
        "json": true
      },
      "version": "6.2.0"
    }
  }
}